2023-02-23 16:35:40.688 [info] Log level: Info
2023-02-23 16:35:40.688 [info] Validating found git in: "git"
2023-02-23 16:35:40.689 [info] Using git "2.39.1" from "git"
2023-02-23 16:35:40.689 [info] > git rev-parse --show-toplevel [48ms]
2023-02-23 16:35:40.689 [info] > git rev-parse --git-dir --git-common-dir [2ms]
2023-02-23 16:35:40.689 [info] Open repository: /home/ec2-user
2023-02-23 16:35:40.689 [info] > git rev-parse --show-toplevel [11ms]
2023-02-23 16:35:40.689 [info] > git config --get commit.template [6ms]
2023-02-23 16:35:40.689 [info] > git rev-parse --git-dir --git-common-dir [8ms]
2023-02-23 16:35:40.689 [info] Open repository: /home/ec2-user/project
2023-02-23 16:35:40.689 [info] > git for-each-ref --format=%(refname)%00%(upstream:short)%00%(objectname)%00%(upstream:track)%00%(upstream:remotename)%00%(upstream:remoteref) refs/heads/main refs/remotes/main [15ms]
2023-02-23 16:35:40.690 [info] > git config --get commit.template [14ms]
2023-02-23 16:35:40.690 [info] > git rev-parse --show-toplevel [17ms]
2023-02-23 16:35:40.690 [info] > git for-each-ref --sort -committerdate --format %(refname) %(objectname) %(*objectname) [12ms]
2023-02-23 16:35:40.690 [info] > git rev-parse --show-toplevel [15ms]
2023-02-23 16:35:40.690 [info] > git status -z -uall [39ms]
2023-02-23 16:35:40.690 [info] > git for-each-ref --format=%(refname)%00%(upstream:short)%00%(objectname)%00%(upstream:track)%00%(upstream:remotename)%00%(upstream:remoteref) refs/heads/Ercan refs/remotes/Ercan [8ms]
2023-02-23 16:35:40.690 [info] > git status -z -uall [6ms]
2023-02-23 16:35:40.690 [info] > git for-each-ref --sort -committerdate --format %(refname) %(objectname) %(*objectname) [33ms]
2023-02-23 16:35:40.691 [info] > git config --get commit.template [18ms]
2023-02-23 16:35:40.691 [info] > git config --get commit.template [5ms]
2023-02-23 16:35:40.691 [info] > git for-each-ref --format=%(refname)%00%(upstream:short)%00%(objectname)%00%(upstream:track)%00%(upstream:remotename)%00%(upstream:remoteref) refs/heads/main refs/remotes/main [5ms]
2023-02-23 16:35:40.691 [info] > git for-each-ref --format=%(refname)%00%(upstream:short)%00%(objectname)%00%(upstream:track)%00%(upstream:remotename)%00%(upstream:remoteref) refs/heads/Ercan refs/remotes/Ercan [9ms]
2023-02-23 16:35:40.691 [info] > git status -z -uall [8ms]
2023-02-23 16:35:40.691 [info] > git for-each-ref --sort -committerdate --format %(refname) %(objectname) %(*objectname) [16ms]
2023-02-23 16:35:40.691 [info] > git for-each-ref --sort -committerdate --format %(refname) %(objectname) %(*objectname) [5ms]
2023-02-23 16:35:40.691 [info] > git status -z -uall [34ms]
2023-02-23 16:35:40.691 [info] > git check-ignore -v -z --stdin [3ms]
2023-02-23 16:35:40.691 [info] > git show --textconv :test.java [5ms]
2023-02-23 16:35:40.691 [info] > git ls-files --stage -- /home/ec2-user/project/test.java [4ms]
2023-02-23 16:35:40.691 [info] > git cat-file -s e69de29bb2d1d6434b8b29ae775ad8c2e48c5391 [2ms]
2023-02-23 16:35:41.882 [info] > git config --get commit.template [4ms]
2023-02-23 16:35:41.884 [info] > git for-each-ref --format=%(refname)%00%(upstream:short)%00%(objectname)%00%(upstream:track)%00%(upstream:remotename)%00%(upstream:remoteref) refs/heads/main refs/remotes/main [3ms]
2023-02-23 16:35:41.898 [info] > git for-each-ref --sort -committerdate --format %(refname) %(objectname) %(*objectname) [7ms]
2023-02-23 16:35:41.914 [info] > git status -z -uall [27ms]
2023-02-23 16:35:46.926 [info] > git config --get commit.template [5ms]
2023-02-23 16:35:46.928 [info] > git for-each-ref --format=%(refname)%00%(upstream:short)%00%(objectname)%00%(upstream:track)%00%(upstream:remotename)%00%(upstream:remoteref) refs/heads/main refs/remotes/main [3ms]
2023-02-23 16:35:46.942 [info] > git for-each-ref --sort -committerdate --format %(refname) %(objectname) %(*objectname) [7ms]
2023-02-23 16:35:46.953 [info] > git status -z -uall [22ms]
2023-02-23 16:36:11.409 [info] > git config --get commit.template [4ms]
2023-02-23 16:36:11.411 [info] > git for-each-ref --format=%(refname)%00%(upstream:short)%00%(objectname)%00%(upstream:track)%00%(upstream:remotename)%00%(upstream:remoteref) refs/heads/main refs/remotes/main [3ms]
2023-02-23 16:36:11.425 [info] > git for-each-ref --sort -committerdate --format %(refname) %(objectname) %(*objectname) [7ms]
2023-02-23 16:36:11.437 [info] > git status -z -uall [23ms]
2023-02-23 16:36:34.446 [info] > git config --get commit.template [4ms]
2023-02-23 16:36:34.448 [info] > git for-each-ref --format=%(refname)%00%(upstream:short)%00%(objectname)%00%(upstream:track)%00%(upstream:remotename)%00%(upstream:remoteref) refs/heads/main refs/remotes/main [3ms]
2023-02-23 16:36:34.463 [info] > git for-each-ref --sort -committerdate --format %(refname) %(objectname) %(*objectname) [7ms]
2023-02-23 16:36:34.473 [info] > git status -z -uall [23ms]
2023-02-23 16:36:43.034 [info] > git config --get commit.template [5ms]
2023-02-23 16:36:43.036 [info] > git for-each-ref --format=%(refname)%00%(upstream:short)%00%(objectname)%00%(upstream:track)%00%(upstream:remotename)%00%(upstream:remoteref) refs/heads/main refs/remotes/main [3ms]
2023-02-23 16:36:43.050 [info] > git for-each-ref --sort -committerdate --format %(refname) %(objectname) %(*objectname) [7ms]
2023-02-23 16:36:43.061 [info] > git status -z -uall [23ms]
2023-02-23 16:36:51.218 [info] > git config --get commit.template [5ms]
2023-02-23 16:36:51.220 [info] > git for-each-ref --format=%(refname)%00%(upstream:short)%00%(objectname)%00%(upstream:track)%00%(upstream:remotename)%00%(upstream:remoteref) refs/heads/main refs/remotes/main [3ms]
2023-02-23 16:36:51.237 [info] > git for-each-ref --sort -committerdate --format %(refname) %(objectname) %(*objectname) [6ms]
2023-02-23 16:36:51.248 [info] > git status -z -uall [26ms]
2023-02-23 16:36:56.261 [info] > git config --get commit.template [4ms]
2023-02-23 16:36:56.263 [info] > git for-each-ref --format=%(refname)%00%(upstream:short)%00%(objectname)%00%(upstream:track)%00%(upstream:remotename)%00%(upstream:remoteref) refs/heads/main refs/remotes/main [3ms]
2023-02-23 16:36:56.276 [info] > git for-each-ref --sort -committerdate --format %(refname) %(objectname) %(*objectname) [6ms]
2023-02-23 16:36:56.287 [info] > git status -z -uall [22ms]
2023-02-23 16:37:01.302 [info] > git config --get commit.template [7ms]
2023-02-23 16:37:01.304 [info] > git for-each-ref --format=%(refname)%00%(upstream:short)%00%(objectname)%00%(upstream:track)%00%(upstream:remotename)%00%(upstream:remoteref) refs/heads/main refs/remotes/main [3ms]
2023-02-23 16:37:01.320 [info] > git for-each-ref --sort -committerdate --format %(refname) %(objectname) %(*objectname) [8ms]
2023-02-23 16:37:01.331 [info] > git status -z -uall [24ms]
2023-02-23 16:37:06.343 [info] > git config --get commit.template [4ms]
2023-02-23 16:37:06.345 [info] > git for-each-ref --format=%(refname)%00%(upstream:short)%00%(objectname)%00%(upstream:track)%00%(upstream:remotename)%00%(upstream:remoteref) refs/heads/main refs/remotes/main [2ms]
2023-02-23 16:37:06.358 [info] > git for-each-ref --sort -committerdate --format %(refname) %(objectname) %(*objectname) [5ms]
2023-02-23 16:37:06.371 [info] > git status -z -uall [22ms]
2023-02-23 16:37:11.383 [info] > git config --get commit.template [5ms]
2023-02-23 16:37:11.385 [info] > git for-each-ref --format=%(refname)%00%(upstream:short)%00%(objectname)%00%(upstream:track)%00%(upstream:remotename)%00%(upstream:remoteref) refs/heads/main refs/remotes/main [3ms]
2023-02-23 16:37:11.397 [info] > git for-each-ref --sort -committerdate --format %(refname) %(objectname) %(*objectname) [6ms]
2023-02-23 16:37:11.409 [info] > git status -z -uall [22ms]
2023-02-23 16:37:16.649 [info] > git config --get commit.template [4ms]
2023-02-23 16:37:16.651 [info] > git for-each-ref --format=%(refname)%00%(upstream:short)%00%(objectname)%00%(upstream:track)%00%(upstream:remotename)%00%(upstream:remoteref) refs/heads/main refs/remotes/main [2ms]
2023-02-23 16:37:16.665 [info] > git for-each-ref --sort -committerdate --format %(refname) %(objectname) %(*objectname) [7ms]
2023-02-23 16:37:16.676 [info] > git status -z -uall [22ms]
2023-02-23 16:37:21.687 [info] > git config --get commit.template [4ms]
2023-02-23 16:37:21.689 [info] > git for-each-ref --format=%(refname)%00%(upstream:short)%00%(objectname)%00%(upstream:track)%00%(upstream:remotename)%00%(upstream:remoteref) refs/heads/main refs/remotes/main [2ms]
2023-02-23 16:37:21.703 [info] > git for-each-ref --sort -committerdate --format %(refname) %(objectname) %(*objectname) [6ms]
2023-02-23 16:37:21.713 [info] > git status -z -uall [21ms]
2023-02-23 16:37:26.724 [info] > git config --get commit.template [4ms]
2023-02-23 16:37:26.725 [info] > git for-each-ref --format=%(refname)%00%(upstream:short)%00%(objectname)%00%(upstream:track)%00%(upstream:remotename)%00%(upstream:remoteref) refs/heads/main refs/remotes/main [2ms]
2023-02-23 16:37:26.740 [info] > git for-each-ref --sort -committerdate --format %(refname) %(objectname) %(*objectname) [8ms]
2023-02-23 16:37:26.751 [info] > git status -z -uall [23ms]
2023-02-23 17:08:13.285 [info] > git config --get commit.template [8ms]
2023-02-23 17:08:13.295 [info] > git for-each-ref --format=%(refname)%00%(upstream:short)%00%(objectname)%00%(upstream:track)%00%(upstream:remotename)%00%(upstream:remoteref) refs/heads/main refs/remotes/main [13ms]
2023-02-23 17:08:13.304 [info] > git for-each-ref --sort -committerdate --format %(refname) %(objectname) %(*objectname) [1ms]
2023-02-23 17:08:13.365 [info] > git status -z -uall [67ms]
2023-02-23 17:09:35.362 [info] > git config --get commit.template [5ms]
2023-02-23 17:09:35.364 [info] > git for-each-ref --format=%(refname)%00%(upstream:short)%00%(objectname)%00%(upstream:track)%00%(upstream:remotename)%00%(upstream:remoteref) refs/heads/main refs/remotes/main [2ms]
2023-02-23 17:09:35.389 [info] > git for-each-ref --sort -committerdate --format %(refname) %(objectname) %(*objectname) [14ms]
2023-02-23 17:09:35.399 [info] > git status -z -uall [33ms]
2023-02-23 17:09:40.411 [info] > git config --get commit.template [6ms]
2023-02-23 17:09:40.413 [info] > git for-each-ref --format=%(refname)%00%(upstream:short)%00%(objectname)%00%(upstream:track)%00%(upstream:remotename)%00%(upstream:remoteref) refs/heads/main refs/remotes/main [3ms]
2023-02-23 17:09:40.426 [info] > git for-each-ref --sort -committerdate --format %(refname) %(objectname) %(*objectname) [7ms]
2023-02-23 17:09:40.437 [info] > git status -z -uall [22ms]
2023-02-23 17:09:45.736 [info] > git config --get commit.template [4ms]
2023-02-23 17:09:45.739 [info] > git for-each-ref --format=%(refname)%00%(upstream:short)%00%(objectname)%00%(upstream:track)%00%(upstream:remotename)%00%(upstream:remoteref) refs/heads/main refs/remotes/main [2ms]
2023-02-23 17:09:45.756 [info] > git for-each-ref --sort -committerdate --format %(refname) %(objectname) %(*objectname) [6ms]
2023-02-23 17:09:45.767 [info] > git status -z -uall [22ms]
2023-02-23 17:09:50.778 [info] > git config --get commit.template [4ms]
2023-02-23 17:09:50.780 [info] > git for-each-ref --format=%(refname)%00%(upstream:short)%00%(objectname)%00%(upstream:track)%00%(upstream:remotename)%00%(upstream:remoteref) refs/heads/main refs/remotes/main [2ms]
2023-02-23 17:09:50.794 [info] > git for-each-ref --sort -committerdate --format %(refname) %(objectname) %(*objectname) [7ms]
2023-02-23 17:09:50.805 [info] > git status -z -uall [22ms]
2023-02-23 17:10:00.514 [info] > git config --get commit.template [4ms]
2023-02-23 17:10:00.516 [info] > git for-each-ref --format=%(refname)%00%(upstream:short)%00%(objectname)%00%(upstream:track)%00%(upstream:remotename)%00%(upstream:remoteref) refs/heads/main refs/remotes/main [2ms]
2023-02-23 17:10:00.530 [info] > git for-each-ref --sort -committerdate --format %(refname) %(objectname) %(*objectname) [6ms]
2023-02-23 17:10:00.541 [info] > git status -z -uall [22ms]
2023-02-23 17:10:05.555 [info] > git config --get commit.template [5ms]
2023-02-23 17:10:05.557 [info] > git for-each-ref --format=%(refname)%00%(upstream:short)%00%(objectname)%00%(upstream:track)%00%(upstream:remotename)%00%(upstream:remoteref) refs/heads/main refs/remotes/main [2ms]
2023-02-23 17:10:05.571 [info] > git for-each-ref --sort -committerdate --format %(refname) %(objectname) %(*objectname) [6ms]
2023-02-23 17:10:05.581 [info] > git status -z -uall [21ms]
2023-02-23 17:10:10.592 [info] > git config --get commit.template [4ms]
2023-02-23 17:10:10.594 [info] > git for-each-ref --format=%(refname)%00%(upstream:short)%00%(objectname)%00%(upstream:track)%00%(upstream:remotename)%00%(upstream:remoteref) refs/heads/main refs/remotes/main [2ms]
2023-02-23 17:10:10.608 [info] > git for-each-ref --sort -committerdate --format %(refname) %(objectname) %(*objectname) [6ms]
2023-02-23 17:10:10.618 [info] > git status -z -uall [21ms]
2023-02-23 17:10:15.630 [info] > git config --get commit.template [4ms]
2023-02-23 17:10:15.632 [info] > git for-each-ref --format=%(refname)%00%(upstream:short)%00%(objectname)%00%(upstream:track)%00%(upstream:remotename)%00%(upstream:remoteref) refs/heads/main refs/remotes/main [3ms]
2023-02-23 17:10:15.646 [info] > git for-each-ref --sort -committerdate --format %(refname) %(objectname) %(*objectname) [8ms]
2023-02-23 17:10:15.656 [info] > git status -z -uall [22ms]
2023-02-23 17:10:20.668 [info] > git config --get commit.template [5ms]
2023-02-23 17:10:20.670 [info] > git for-each-ref --format=%(refname)%00%(upstream:short)%00%(objectname)%00%(upstream:track)%00%(upstream:remotename)%00%(upstream:remoteref) refs/heads/main refs/remotes/main [3ms]
2023-02-23 17:10:20.684 [info] > git for-each-ref --sort -committerdate --format %(refname) %(objectname) %(*objectname) [6ms]
2023-02-23 17:10:20.695 [info] > git status -z -uall [22ms]
2023-02-23 17:10:25.706 [info] > git config --get commit.template [5ms]
2023-02-23 17:10:25.708 [info] > git for-each-ref --format=%(refname)%00%(upstream:short)%00%(objectname)%00%(upstream:track)%00%(upstream:remotename)%00%(upstream:remoteref) refs/heads/main refs/remotes/main [3ms]
2023-02-23 17:10:25.722 [info] > git for-each-ref --sort -committerdate --format %(refname) %(objectname) %(*objectname) [6ms]
2023-02-23 17:10:25.734 [info] > git status -z -uall [24ms]
2023-02-23 17:10:30.751 [info] > git config --get commit.template [5ms]
2023-02-23 17:10:30.753 [info] > git for-each-ref --format=%(refname)%00%(upstream:short)%00%(objectname)%00%(upstream:track)%00%(upstream:remotename)%00%(upstream:remoteref) refs/heads/main refs/remotes/main [3ms]
2023-02-23 17:10:30.766 [info] > git for-each-ref --sort -committerdate --format %(refname) %(objectname) %(*objectname) [7ms]
2023-02-23 17:10:30.777 [info] > git status -z -uall [22ms]
2023-02-23 17:10:35.787 [info] > git config --get commit.template [4ms]
2023-02-23 17:10:35.789 [info] > git for-each-ref --format=%(refname)%00%(upstream:short)%00%(objectname)%00%(upstream:track)%00%(upstream:remotename)%00%(upstream:remoteref) refs/heads/main refs/remotes/main [3ms]
2023-02-23 17:10:35.803 [info] > git for-each-ref --sort -committerdate --format %(refname) %(objectname) %(*objectname) [7ms]
2023-02-23 17:10:35.813 [info] > git status -z -uall [22ms]
2023-02-23 17:10:40.824 [info] > git config --get commit.template [5ms]
2023-02-23 17:10:40.826 [info] > git for-each-ref --format=%(refname)%00%(upstream:short)%00%(objectname)%00%(upstream:track)%00%(upstream:remotename)%00%(upstream:remoteref) refs/heads/main refs/remotes/main [3ms]
2023-02-23 17:10:40.847 [info] > git for-each-ref --sort -committerdate --format %(refname) %(objectname) %(*objectname) [14ms]
2023-02-23 17:10:40.857 [info] > git status -z -uall [29ms]
2023-02-23 17:10:45.868 [info] > git config --get commit.template [5ms]
2023-02-23 17:10:45.870 [info] > git for-each-ref --format=%(refname)%00%(upstream:short)%00%(objectname)%00%(upstream:track)%00%(upstream:remotename)%00%(upstream:remoteref) refs/heads/main refs/remotes/main [2ms]
2023-02-23 17:10:45.883 [info] > git for-each-ref --sort -committerdate --format %(refname) %(objectname) %(*objectname) [6ms]
2023-02-23 17:10:45.893 [info] > git status -z -uall [21ms]
2023-02-23 17:10:50.916 [info] > git config --get commit.template [5ms]
2023-02-23 17:10:50.918 [info] > git for-each-ref --format=%(refname)%00%(upstream:short)%00%(objectname)%00%(upstream:track)%00%(upstream:remotename)%00%(upstream:remoteref) refs/heads/main refs/remotes/main [2ms]
2023-02-23 17:10:50.932 [info] > git for-each-ref --sort -committerdate --format %(refname) %(objectname) %(*objectname) [6ms]
2023-02-23 17:10:50.942 [info] > git status -z -uall [21ms]
2023-02-23 17:10:55.953 [info] > git config --get commit.template [4ms]
2023-02-23 17:10:55.954 [info] > git for-each-ref --format=%(refname)%00%(upstream:short)%00%(objectname)%00%(upstream:track)%00%(upstream:remotename)%00%(upstream:remoteref) refs/heads/main refs/remotes/main [2ms]
2023-02-23 17:10:55.967 [info] > git for-each-ref --sort -committerdate --format %(refname) %(objectname) %(*objectname) [6ms]
2023-02-23 17:10:55.978 [info] > git status -z -uall [21ms]
2023-02-23 17:10:56.542 [info] > git config --get commit.template [4ms]
2023-02-23 17:10:56.544 [info] > git for-each-ref --format=%(refname)%00%(upstream:short)%00%(objectname)%00%(upstream:track)%00%(upstream:remotename)%00%(upstream:remoteref) refs/heads/Ercan refs/remotes/Ercan [3ms]
2023-02-23 17:10:56.555 [info] > git status -z -uall [8ms]
2023-02-23 17:10:56.558 [info] > git for-each-ref --sort -committerdate --format %(refname) %(objectname) %(*objectname) [3ms]
2023-02-23 17:10:56.813 [info] > git ls-files --stage -- /home/ec2-user/project/test.java [2ms]
2023-02-23 17:10:56.819 [info] > git cat-file -s 8eb74cf27307ea2865c83a9f2c5c725ccc315ddd [2ms]
2023-02-23 17:10:56.992 [info] > git show --textconv :test.java [3ms]
2023-02-23 17:11:00.990 [info] > git config --get commit.template [4ms]
2023-02-23 17:11:00.993 [info] > git for-each-ref --format=%(refname)%00%(upstream:short)%00%(objectname)%00%(upstream:track)%00%(upstream:remotename)%00%(upstream:remoteref) refs/heads/main refs/remotes/main [4ms]
2023-02-23 17:11:01.006 [info] > git for-each-ref --sort -committerdate --format %(refname) %(objectname) %(*objectname) [6ms]
2023-02-23 17:11:01.017 [info] > git status -z -uall [21ms]
2023-02-23 17:11:05.096 [info] > git config --get commit.template [5ms]
2023-02-23 17:11:05.098 [info] > git for-each-ref --format=%(refname)%00%(upstream:short)%00%(objectname)%00%(upstream:track)%00%(upstream:remotename)%00%(upstream:remoteref) refs/heads/Ercan refs/remotes/Ercan [3ms]
2023-02-23 17:11:05.106 [info] > git status -z -uall [6ms]
2023-02-23 17:11:05.109 [info] > git for-each-ref --sort -committerdate --format %(refname) %(objectname) %(*objectname) [3ms]
2023-02-23 17:11:05.356 [info] > git ls-files --stage -- /home/ec2-user/project/test.java [2ms]
2023-02-23 17:11:05.360 [info] > git cat-file -s 8eb74cf27307ea2865c83a9f2c5c725ccc315ddd [1ms]
2023-02-23 17:11:05.540 [info] > git show --textconv :test.java [2ms]
2023-02-23 17:11:06.029 [info] > git config --get commit.template [5ms]
2023-02-23 17:11:06.031 [info] > git for-each-ref --format=%(refname)%00%(upstream:short)%00%(objectname)%00%(upstream:track)%00%(upstream:remotename)%00%(upstream:remoteref) refs/heads/main refs/remotes/main [3ms]
2023-02-23 17:11:06.045 [info] > git for-each-ref --sort -committerdate --format %(refname) %(objectname) %(*objectname) [8ms]
2023-02-23 17:11:06.055 [info] > git status -z -uall [22ms]
2023-02-23 17:11:11.065 [info] > git config --get commit.template [4ms]
2023-02-23 17:11:11.067 [info] > git for-each-ref --format=%(refname)%00%(upstream:short)%00%(objectname)%00%(upstream:track)%00%(upstream:remotename)%00%(upstream:remoteref) refs/heads/main refs/remotes/main [3ms]
2023-02-23 17:11:11.079 [info] > git for-each-ref --sort -committerdate --format %(refname) %(objectname) %(*objectname) [6ms]
2023-02-23 17:11:11.090 [info] > git status -z -uall [21ms]
2023-02-23 17:11:18.936 [info] > git config --get commit.template [4ms]
2023-02-23 17:11:18.937 [info] > git for-each-ref --format=%(refname)%00%(upstream:short)%00%(objectname)%00%(upstream:track)%00%(upstream:remotename)%00%(upstream:remoteref) refs/heads/main refs/remotes/main [5ms]
2023-02-23 17:11:18.951 [info] > git for-each-ref --sort -committerdate --format %(refname) %(objectname) %(*objectname) [6ms]
2023-02-23 17:11:18.962 [info] > git status -z -uall [22ms]
2023-02-23 17:11:23.976 [info] > git config --get commit.template [6ms]
2023-02-23 17:11:23.978 [info] > git for-each-ref --format=%(refname)%00%(upstream:short)%00%(objectname)%00%(upstream:track)%00%(upstream:remotename)%00%(upstream:remoteref) refs/heads/main refs/remotes/main [3ms]
2023-02-23 17:11:23.992 [info] > git for-each-ref --sort -committerdate --format %(refname) %(objectname) %(*objectname) [8ms]
2023-02-23 17:11:24.002 [info] > git status -z -uall [22ms]
2023-02-23 17:11:29.012 [info] > git config --get commit.template [4ms]
2023-02-23 17:11:29.014 [info] > git for-each-ref --format=%(refname)%00%(upstream:short)%00%(objectname)%00%(upstream:track)%00%(upstream:remotename)%00%(upstream:remoteref) refs/heads/main refs/remotes/main [3ms]
2023-02-23 17:11:29.029 [info] > git for-each-ref --sort -committerdate --format %(refname) %(objectname) %(*objectname) [8ms]
2023-02-23 17:11:29.040 [info] > git status -z -uall [24ms]
2023-02-23 17:11:34.050 [info] > git config --get commit.template [4ms]
2023-02-23 17:11:34.052 [info] > git for-each-ref --format=%(refname)%00%(upstream:short)%00%(objectname)%00%(upstream:track)%00%(upstream:remotename)%00%(upstream:remoteref) refs/heads/main refs/remotes/main [2ms]
2023-02-23 17:11:34.067 [info] > git for-each-ref --sort -committerdate --format %(refname) %(objectname) %(*objectname) [7ms]
2023-02-23 17:11:34.076 [info] > git status -z -uall [22ms]
2023-02-23 17:12:20.056 [info] > git config --get commit.template [4ms]
2023-02-23 17:12:20.058 [info] > git for-each-ref --format=%(refname)%00%(upstream:short)%00%(objectname)%00%(upstream:track)%00%(upstream:remotename)%00%(upstream:remoteref) refs/heads/main refs/remotes/main [2ms]
2023-02-23 17:12:20.072 [info] > git for-each-ref --sort -committerdate --format %(refname) %(objectname) %(*objectname) [7ms]
2023-02-23 17:12:20.083 [info] > git status -z -uall [22ms]
2023-02-23 17:13:25.666 [info] > git config --get commit.template [5ms]
2023-02-23 17:13:25.668 [info] > git for-each-ref --format=%(refname)%00%(upstream:short)%00%(objectname)%00%(upstream:track)%00%(upstream:remotename)%00%(upstream:remoteref) refs/heads/main refs/remotes/main [3ms]
2023-02-23 17:13:25.682 [info] > git for-each-ref --sort -committerdate --format %(refname) %(objectname) %(*objectname) [8ms]
2023-02-23 17:13:25.691 [info] > git status -z -uall [21ms]
2023-02-23 17:13:30.702 [info] > git config --get commit.template [4ms]
2023-02-23 17:13:30.704 [info] > git for-each-ref --format=%(refname)%00%(upstream:short)%00%(objectname)%00%(upstream:track)%00%(upstream:remotename)%00%(upstream:remoteref) refs/heads/main refs/remotes/main [2ms]
2023-02-23 17:13:30.719 [info] > git for-each-ref --sort -committerdate --format %(refname) %(objectname) %(*objectname) [7ms]
2023-02-23 17:13:30.729 [info] > git status -z -uall [22ms]
2023-02-23 17:13:35.741 [info] > git config --get commit.template [5ms]
2023-02-23 17:13:35.743 [info] > git for-each-ref --format=%(refname)%00%(upstream:short)%00%(objectname)%00%(upstream:track)%00%(upstream:remotename)%00%(upstream:remoteref) refs/heads/main refs/remotes/main [3ms]
2023-02-23 17:13:35.762 [info] > git for-each-ref --sort -committerdate --format %(refname) %(objectname) %(*objectname) [9ms]
2023-02-23 17:13:35.772 [info] > git status -z -uall [27ms]
2023-02-23 17:13:40.784 [info] > git config --get commit.template [5ms]
2023-02-23 17:13:40.786 [info] > git for-each-ref --format=%(refname)%00%(upstream:short)%00%(objectname)%00%(upstream:track)%00%(upstream:remotename)%00%(upstream:remoteref) refs/heads/main refs/remotes/main [3ms]
2023-02-23 17:13:40.799 [info] > git for-each-ref --sort -committerdate --format %(refname) %(objectname) %(*objectname) [6ms]
2023-02-23 17:13:40.809 [info] > git status -z -uall [21ms]
2023-02-23 17:13:45.822 [info] > git config --get commit.template [5ms]
2023-02-23 17:13:45.823 [info] > git for-each-ref --format=%(refname)%00%(upstream:short)%00%(objectname)%00%(upstream:track)%00%(upstream:remotename)%00%(upstream:remoteref) refs/heads/main refs/remotes/main [2ms]
2023-02-23 17:13:45.837 [info] > git for-each-ref --sort -committerdate --format %(refname) %(objectname) %(*objectname) [7ms]
2023-02-23 17:13:45.847 [info] > git status -z -uall [21ms]
2023-02-23 17:13:50.858 [info] > git config --get commit.template [4ms]
2023-02-23 17:13:50.860 [info] > git for-each-ref --format=%(refname)%00%(upstream:short)%00%(objectname)%00%(upstream:track)%00%(upstream:remotename)%00%(upstream:remoteref) refs/heads/main refs/remotes/main [3ms]
2023-02-23 17:13:50.874 [info] > git for-each-ref --sort -committerdate --format %(refname) %(objectname) %(*objectname) [8ms]
2023-02-23 17:13:50.896 [info] > git status -z -uall [33ms]
2023-02-23 17:13:55.908 [info] > git config --get commit.template [4ms]
2023-02-23 17:13:55.910 [info] > git for-each-ref --format=%(refname)%00%(upstream:short)%00%(objectname)%00%(upstream:track)%00%(upstream:remotename)%00%(upstream:remoteref) refs/heads/main refs/remotes/main [3ms]
2023-02-23 17:13:55.924 [info] > git for-each-ref --sort -committerdate --format %(refname) %(objectname) %(*objectname) [8ms]
2023-02-23 17:13:55.934 [info] > git status -z -uall [22ms]
2023-02-23 17:14:00.944 [info] > git config --get commit.template [4ms]
2023-02-23 17:14:00.946 [info] > git for-each-ref --format=%(refname)%00%(upstream:short)%00%(objectname)%00%(upstream:track)%00%(upstream:remotename)%00%(upstream:remoteref) refs/heads/main refs/remotes/main [3ms]
2023-02-23 17:14:00.960 [info] > git for-each-ref --sort -committerdate --format %(refname) %(objectname) %(*objectname) [6ms]
2023-02-23 17:14:00.972 [info] > git status -z -uall [24ms]
2023-02-23 17:14:05.983 [info] > git config --get commit.template [4ms]
2023-02-23 17:14:05.985 [info] > git for-each-ref --format=%(refname)%00%(upstream:short)%00%(objectname)%00%(upstream:track)%00%(upstream:remotename)%00%(upstream:remoteref) refs/heads/main refs/remotes/main [3ms]
2023-02-23 17:14:05.998 [info] > git for-each-ref --sort -committerdate --format %(refname) %(objectname) %(*objectname) [7ms]
2023-02-23 17:14:06.008 [info] > git status -z -uall [21ms]
2023-02-23 17:15:30.351 [info] > git config --get commit.template [4ms]
2023-02-23 17:15:30.352 [info] > git for-each-ref --format=%(refname)%00%(upstream:short)%00%(objectname)%00%(upstream:track)%00%(upstream:remotename)%00%(upstream:remoteref) refs/heads/main refs/remotes/main [2ms]
2023-02-23 17:15:30.367 [info] > git for-each-ref --sort -committerdate --format %(refname) %(objectname) %(*objectname) [8ms]
2023-02-23 17:15:30.377 [info] > git status -z -uall [22ms]
2023-02-23 17:15:35.387 [info] > git config --get commit.template [4ms]
2023-02-23 17:15:35.389 [info] > git for-each-ref --format=%(refname)%00%(upstream:short)%00%(objectname)%00%(upstream:track)%00%(upstream:remotename)%00%(upstream:remoteref) refs/heads/main refs/remotes/main [2ms]
2023-02-23 17:15:35.402 [info] > git for-each-ref --sort -committerdate --format %(refname) %(objectname) %(*objectname) [6ms]
2023-02-23 17:15:35.413 [info] > git status -z -uall [22ms]
2023-02-23 17:15:40.425 [info] > git config --get commit.template [4ms]
2023-02-23 17:15:40.426 [info] > git for-each-ref --format=%(refname)%00%(upstream:short)%00%(objectname)%00%(upstream:track)%00%(upstream:remotename)%00%(upstream:remoteref) refs/heads/main refs/remotes/main [2ms]
2023-02-23 17:15:40.438 [info] > git for-each-ref --sort -committerdate --format %(refname) %(objectname) %(*objectname) [5ms]
2023-02-23 17:15:40.451 [info] > git status -z -uall [21ms]
2023-02-23 17:15:45.461 [info] > git config --get commit.template [4ms]
2023-02-23 17:15:45.463 [info] > git for-each-ref --format=%(refname)%00%(upstream:short)%00%(objectname)%00%(upstream:track)%00%(upstream:remotename)%00%(upstream:remoteref) refs/heads/main refs/remotes/main [2ms]
2023-02-23 17:15:45.477 [info] > git for-each-ref --sort -committerdate --format %(refname) %(objectname) %(*objectname) [6ms]
2023-02-23 17:15:45.488 [info] > git status -z -uall [21ms]
2023-02-23 17:15:50.498 [info] > git config --get commit.template [4ms]
2023-02-23 17:15:50.500 [info] > git for-each-ref --format=%(refname)%00%(upstream:short)%00%(objectname)%00%(upstream:track)%00%(upstream:remotename)%00%(upstream:remoteref) refs/heads/main refs/remotes/main [2ms]
2023-02-23 17:15:50.514 [info] > git for-each-ref --sort -committerdate --format %(refname) %(objectname) %(*objectname) [7ms]
2023-02-23 17:15:50.525 [info] > git status -z -uall [22ms]
2023-02-23 17:15:55.536 [info] > git config --get commit.template [5ms]
2023-02-23 17:15:55.538 [info] > git for-each-ref --format=%(refname)%00%(upstream:short)%00%(objectname)%00%(upstream:track)%00%(upstream:remotename)%00%(upstream:remoteref) refs/heads/main refs/remotes/main [3ms]
2023-02-23 17:15:55.552 [info] > git for-each-ref --sort -committerdate --format %(refname) %(objectname) %(*objectname) [8ms]
2023-02-23 17:15:55.561 [info] > git status -z -uall [21ms]
2023-02-23 17:16:00.573 [info] > git config --get commit.template [5ms]
2023-02-23 17:16:00.575 [info] > git for-each-ref --format=%(refname)%00%(upstream:short)%00%(objectname)%00%(upstream:track)%00%(upstream:remotename)%00%(upstream:remoteref) refs/heads/main refs/remotes/main [3ms]
2023-02-23 17:16:00.587 [info] > git for-each-ref --sort -committerdate --format %(refname) %(objectname) %(*objectname) [6ms]
2023-02-23 17:16:00.598 [info] > git status -z -uall [21ms]
2023-02-23 17:16:03.780 [info] > git config --get commit.template [4ms]
2023-02-23 17:16:03.781 [info] > git for-each-ref --format=%(refname)%00%(upstream:short)%00%(objectname)%00%(upstream:track)%00%(upstream:remotename)%00%(upstream:remoteref) refs/heads/Ercan refs/remotes/Ercan [2ms]
2023-02-23 17:16:03.788 [info] > git status -z -uall [4ms]
2023-02-23 17:16:03.790 [info] > git for-each-ref --sort -committerdate --format %(refname) %(objectname) %(*objectname) [2ms]
2023-02-23 17:16:04.045 [info] > git ls-files --stage -- /home/ec2-user/project/test.java [2ms]
2023-02-23 17:16:04.049 [info] > git cat-file -s 8eb74cf27307ea2865c83a9f2c5c725ccc315ddd [2ms]
2023-02-23 17:16:04.224 [info] > git show --textconv :test.java [2ms]
2023-02-23 17:16:05.619 [info] > git config --get commit.template [5ms]
2023-02-23 17:16:05.623 [info] > git for-each-ref --format=%(refname)%00%(upstream:short)%00%(objectname)%00%(upstream:track)%00%(upstream:remotename)%00%(upstream:remoteref) refs/heads/main refs/remotes/main [5ms]
2023-02-23 17:16:05.638 [info] > git for-each-ref --sort -committerdate --format %(refname) %(objectname) %(*objectname) [7ms]
2023-02-23 17:16:05.649 [info] > git status -z -uall [23ms]
2023-02-23 17:16:10.660 [info] > git config --get commit.template [4ms]
2023-02-23 17:16:10.662 [info] > git for-each-ref --format=%(refname)%00%(upstream:short)%00%(objectname)%00%(upstream:track)%00%(upstream:remotename)%00%(upstream:remoteref) refs/heads/main refs/remotes/main [2ms]
2023-02-23 17:16:10.676 [info] > git for-each-ref --sort -committerdate --format %(refname) %(objectname) %(*objectname) [7ms]
2023-02-23 17:16:10.686 [info] > git status -z -uall [22ms]
2023-02-23 17:16:15.696 [info] > git config --get commit.template [4ms]
2023-02-23 17:16:15.698 [info] > git for-each-ref --format=%(refname)%00%(upstream:short)%00%(objectname)%00%(upstream:track)%00%(upstream:remotename)%00%(upstream:remoteref) refs/heads/main refs/remotes/main [3ms]
2023-02-23 17:16:15.712 [info] > git for-each-ref --sort -committerdate --format %(refname) %(objectname) %(*objectname) [8ms]
2023-02-23 17:16:15.721 [info] > git status -z -uall [21ms]
2023-02-23 17:16:20.732 [info] > git config --get commit.template [4ms]
2023-02-23 17:16:20.734 [info] > git for-each-ref --format=%(refname)%00%(upstream:short)%00%(objectname)%00%(upstream:track)%00%(upstream:remotename)%00%(upstream:remoteref) refs/heads/main refs/remotes/main [3ms]
2023-02-23 17:16:20.750 [info] > git for-each-ref --sort -committerdate --format %(refname) %(objectname) %(*objectname) [7ms]
2023-02-23 17:16:20.760 [info] > git status -z -uall [22ms]
2023-02-23 17:16:25.772 [info] > git config --get commit.template [5ms]
2023-02-23 17:16:25.774 [info] > git for-each-ref --format=%(refname)%00%(upstream:short)%00%(objectname)%00%(upstream:track)%00%(upstream:remotename)%00%(upstream:remoteref) refs/heads/main refs/remotes/main [3ms]
2023-02-23 17:16:25.789 [info] > git for-each-ref --sort -committerdate --format %(refname) %(objectname) %(*objectname) [8ms]
2023-02-23 17:16:25.799 [info] > git status -z -uall [22ms]
2023-02-23 17:16:26.620 [info] > git config --get commit.template [4ms]
2023-02-23 17:16:26.621 [info] > git for-each-ref --format=%(refname)%00%(upstream:short)%00%(objectname)%00%(upstream:track)%00%(upstream:remotename)%00%(upstream:remoteref) refs/heads/main refs/remotes/main [2ms]
2023-02-23 17:16:26.628 [info] > git status -z -uall [4ms]
2023-02-23 17:16:26.630 [info] > git for-each-ref --sort -committerdate --format %(refname) %(objectname) %(*objectname) [2ms]
2023-02-23 17:16:26.885 [info] > git ls-files --stage -- /home/ec2-user/project/test.java [2ms]
2023-02-23 17:16:27.063 [info] > git show --textconv :test.java [2ms]
2023-02-23 17:16:30.812 [info] > git config --get commit.template [6ms]
2023-02-23 17:16:30.815 [info] > git for-each-ref --format=%(refname)%00%(upstream:short)%00%(objectname)%00%(upstream:track)%00%(upstream:remotename)%00%(upstream:remoteref) refs/heads/main refs/remotes/main [3ms]
2023-02-23 17:16:30.828 [info] > git for-each-ref --sort -committerdate --format %(refname) %(objectname) %(*objectname) [6ms]
2023-02-23 17:16:30.838 [info] > git status -z -uall [21ms]
2023-02-23 17:16:33.603 [info] > git config --get commit.template [4ms]
2023-02-23 17:16:33.605 [info] > git for-each-ref --format=%(refname)%00%(upstream:short)%00%(objectname)%00%(upstream:track)%00%(upstream:remotename)%00%(upstream:remoteref) refs/heads/main refs/remotes/main [2ms]
2023-02-23 17:16:33.611 [info] > git status -z -uall [4ms]
2023-02-23 17:16:33.615 [info] > git for-each-ref --sort -committerdate --format %(refname) %(objectname) %(*objectname) [4ms]
2023-02-23 17:16:33.882 [info] > git ls-files --stage -- /home/ec2-user/project/test.java [2ms]
2023-02-23 17:16:34.055 [info] > git show --textconv :test.java [2ms]
2023-02-23 17:16:35.850 [info] > git config --get commit.template [5ms]
2023-02-23 17:16:35.852 [info] > git for-each-ref --format=%(refname)%00%(upstream:short)%00%(objectname)%00%(upstream:track)%00%(upstream:remotename)%00%(upstream:remoteref) refs/heads/main refs/remotes/main [2ms]
2023-02-23 17:16:35.867 [info] > git for-each-ref --sort -committerdate --format %(refname) %(objectname) %(*objectname) [7ms]
2023-02-23 17:16:35.876 [info] > git status -z -uall [21ms]
2023-02-23 17:16:40.886 [info] > git config --get commit.template [4ms]
2023-02-23 17:16:40.890 [info] > git for-each-ref --format=%(refname)%00%(upstream:short)%00%(objectname)%00%(upstream:track)%00%(upstream:remotename)%00%(upstream:remoteref) refs/heads/main refs/remotes/main [4ms]
2023-02-23 17:16:40.905 [info] > git for-each-ref --sort -committerdate --format %(refname) %(objectname) %(*objectname) [8ms]
2023-02-23 17:16:40.915 [info] > git status -z -uall [22ms]
2023-02-23 17:16:45.927 [info] > git config --get commit.template [4ms]
2023-02-23 17:16:45.929 [info] > git for-each-ref --format=%(refname)%00%(upstream:short)%00%(objectname)%00%(upstream:track)%00%(upstream:remotename)%00%(upstream:remoteref) refs/heads/main refs/remotes/main [2ms]
2023-02-23 17:16:45.942 [info] > git for-each-ref --sort -committerdate --format %(refname) %(objectname) %(*objectname) [7ms]
2023-02-23 17:16:45.953 [info] > git status -z -uall [22ms]
2023-02-23 17:16:46.779 [info] > git config --get commit.template [6ms]
2023-02-23 17:16:46.781 [info] > git for-each-ref --format=%(refname)%00%(upstream:short)%00%(objectname)%00%(upstream:track)%00%(upstream:remotename)%00%(upstream:remoteref) refs/heads/main refs/remotes/main [3ms]
2023-02-23 17:16:46.787 [info] > git status -z -uall [4ms]
2023-02-23 17:16:46.790 [info] > git for-each-ref --sort -committerdate --format %(refname) %(objectname) %(*objectname) [2ms]
2023-02-23 17:16:47.044 [info] > git ls-files --stage -- /home/ec2-user/project/test.java [2ms]
2023-02-23 17:16:47.220 [info] > git show --textconv :test.java [2ms]
2023-02-23 17:16:50.964 [info] > git config --get commit.template [4ms]
2023-02-23 17:16:50.966 [info] > git for-each-ref --format=%(refname)%00%(upstream:short)%00%(objectname)%00%(upstream:track)%00%(upstream:remotename)%00%(upstream:remoteref) refs/heads/main refs/remotes/main [3ms]
2023-02-23 17:16:50.980 [info] > git for-each-ref --sort -committerdate --format %(refname) %(objectname) %(*objectname) [8ms]
2023-02-23 17:16:50.990 [info] > git status -z -uall [22ms]
2023-02-23 17:16:56.000 [info] > git config --get commit.template [4ms]
2023-02-23 17:16:56.002 [info] > git for-each-ref --format=%(refname)%00%(upstream:short)%00%(objectname)%00%(upstream:track)%00%(upstream:remotename)%00%(upstream:remoteref) refs/heads/main refs/remotes/main [2ms]
2023-02-23 17:16:56.018 [info] > git for-each-ref --sort -committerdate --format %(refname) %(objectname) %(*objectname) [8ms]
2023-02-23 17:16:56.028 [info] > git status -z -uall [23ms]
2023-02-23 17:17:01.040 [info] > git config --get commit.template [5ms]
2023-02-23 17:17:01.042 [info] > git for-each-ref --format=%(refname)%00%(upstream:short)%00%(objectname)%00%(upstream:track)%00%(upstream:remotename)%00%(upstream:remoteref) refs/heads/main refs/remotes/main [2ms]
2023-02-23 17:17:01.056 [info] > git for-each-ref --sort -committerdate --format %(refname) %(objectname) %(*objectname) [6ms]
2023-02-23 17:17:01.067 [info] > git status -z -uall [22ms]
